[debug] [2022-11-05T14:38:24.655Z] ----------------------------------------------------------------------
[debug] [2022-11-05T14:38:24.656Z] Command:       C:\Program Files\nodejs\node.exe C:\Users\dasha\AppData\Roaming\npm\node_modules\firebase-tools\lib\bin\firebase.js init
[debug] [2022-11-05T14:38:24.657Z] CLI Version:   11.16.0
[debug] [2022-11-05T14:38:24.657Z] Platform:      win32
[debug] [2022-11-05T14:38:24.657Z] Node Version:  v16.15.0
[debug] [2022-11-05T14:38:24.658Z] Time:          Sat Nov 05 2022 15:38:24 GMT+0100 (Центральная Европа, стандартное время)
[debug] [2022-11-05T14:38:24.658Z] ----------------------------------------------------------------------
[debug] 
[debug] [2022-11-05T14:38:24.661Z] >>> [apiv2][query] GET https://firebase-public.firebaseio.com/cli.json [none]
[debug] [2022-11-05T14:38:24.681Z] > command requires scopes: ["email","openid","https://www.googleapis.com/auth/cloudplatformprojects.readonly","https://www.googleapis.com/auth/firebase","https://www.googleapis.com/auth/cloud-platform"]
[debug] [2022-11-05T14:38:24.681Z] > authorizing via signed-in user (dasha.zagrebelna88@gmail.com)
[info] 
     ######## #### ########  ######## ########     ###     ######  ########
     ##        ##  ##     ## ##       ##     ##  ##   ##  ##       ##
     ######    ##  ########  ######   ########  #########  ######  ######
     ##        ##  ##    ##  ##       ##     ## ##     ##       ## ##
     ##       #### ##     ## ######## ########  ##     ##  ######  ########

You're about to initialize a Firebase project in this directory:

  C:\Users\dasha\WebstormProjects\restaurants-list

[debug] [2022-11-05T14:38:25.032Z] <<< [apiv2][status] GET https://firebase-public.firebaseio.com/cli.json 200
[debug] [2022-11-05T14:38:25.033Z] <<< [apiv2][body] GET https://firebase-public.firebaseio.com/cli.json {"cloudBuildErrorAfter":1594252800000,"cloudBuildWarnAfter":1590019200000,"defaultNode10After":1594252800000,"minVersion":"3.0.5","node8DeploysDisabledAfter":1613390400000,"node8RuntimeDisabledAfter":1615809600000,"node8WarnAfter":1600128000000}
